INFO:root:Creation of 32 bit srec file: "/Users/clfilho/projects/Simplicity Studio 04-19/Simplicity Studio.app/Contents/Eclipse/developer/toolchains/gnu_arm/7.2_2017q4/bin/arm-none-eabi-objcopy" --srec-forceS3 -O srec "Z3ContactSensorv654.axf" "Z3ContactSensorv654.s37"
INFO:root:Creation of gbl file: /Users/clfilho/projects/Simplicity\ Studio\ 04-19/Simplicity\ Studio.app/Contents/Eclipse/developer/adapter_packs/commander/Commander.app/Contents/MacOS/commander gbl create "Z3ContactSensorv654.gbl" --app "Z3ContactSensorv654.s37" --device EFR32MG12P432F1024GL125
INFO:root:Creation of ota file: "/Users/clfilho/projects/Simplicity Studio 04-19/Simplicity Studio.app/Contents/Eclipse/support/common/wine/opt/local/bin/wine" cmd /C  echo Image-builder not invoked since 'OTA Bootload Cluster Policy plugin' is not enabled
INFO:root:Creation of 32 bit srec file: "/Users/clfilho/projects/Simplicity Studio 04-19/Simplicity Studio.app/Contents/Eclipse/developer/toolchains/gnu_arm/7.2_2017q4/bin/arm-none-eabi-objcopy" --srec-forceS3 -O srec "Z3ContactSensorv654.axf" "Z3ContactSensorv654.s37"
INFO:root:Creation of gbl file: /Users/clfilho/projects/Simplicity\ Studio\ 04-19/Simplicity\ Studio.app/Contents/Eclipse/developer/adapter_packs/commander/Commander.app/Contents/MacOS/commander gbl create "Z3ContactSensorv654.gbl" --app "Z3ContactSensorv654.s37" --device EFR32MG12P432F1024GL125
INFO:root:Creation of ota file: "/Users/clfilho/projects/Simplicity Studio 04-19/Simplicity Studio.app/Contents/Eclipse/support/common/wine/opt/local/bin/wine" cmd /C  echo Image-builder not invoked since 'OTA Bootload Cluster Policy plugin' is not enabled
INFO:root:Creation of 32 bit srec file: "/Users/clfilho/projects/Simplicity Studio 04-19/Simplicity Studio.app/Contents/Eclipse/developer/toolchains/gnu_arm/7.2_2017q4/bin/arm-none-eabi-objcopy" --srec-forceS3 -O srec "Z3ContactSensorv654.axf" "Z3ContactSensorv654.s37"
INFO:root:Creation of gbl file: /Users/clfilho/projects/Simplicity\ Studio\ 04-19/Simplicity\ Studio.app/Contents/Eclipse/developer/adapter_packs/commander/Commander.app/Contents/MacOS/commander gbl create "Z3ContactSensorv654.gbl" --app "Z3ContactSensorv654.s37" --device EFR32MG12P432F1024GL125
INFO:root:Creation of ota file: "/Users/clfilho/projects/Simplicity Studio 04-19/Simplicity Studio.app/Contents/Eclipse/support/common/wine/opt/local/bin/wine"  "/Users/clfilho/projects/Simplicity Studio 04-19/Simplicity Studio.app/Contents/Eclipse/developer/sdks/gecko_sdk_suite/v2.5/app/builder/Z3ContactSensorv654\..\..\..\protocol\zigbee\tool\image-builder\image-builder-windows.exe" --create "Z3ContactSensorv654.ota" --version 1 --manuf-id 0x1002 --image-type 0 --tag-id 0x0000 --tag-file "Z3ContactSensorv654.gbl" --string "EBL Z3ContactSensorv654"
INFO:root:OTA file has been created
INFO:root:Creation of 32 bit srec file: "/Users/clfilho/projects/Simplicity Studio 04-19/Simplicity Studio.app/Contents/Eclipse/developer/toolchains/gnu_arm/7.2_2017q4/bin/arm-none-eabi-objcopy" --srec-forceS3 -O srec "Z3ContactSensorv654.axf" "Z3ContactSensorv654.s37"
INFO:root:Creation of gbl file: /Users/clfilho/projects/Simplicity\ Studio\ 04-19/Simplicity\ Studio.app/Contents/Eclipse/developer/adapter_packs/commander/Commander.app/Contents/MacOS/commander gbl create "Z3ContactSensorv654.gbl" --app "Z3ContactSensorv654.s37" --device EFR32MG12P432F1024GL125
INFO:root:Creation of ota file: "/Users/clfilho/projects/Simplicity Studio 04-19/Simplicity Studio.app/Contents/Eclipse/support/common/wine/opt/local/bin/wine"  "/Users/clfilho/projects/Simplicity Studio 04-19/Simplicity Studio.app/Contents/Eclipse/developer/sdks/gecko_sdk_suite/v2.5/app/builder/Z3ContactSensorv654\..\..\..\protocol\zigbee\tool\image-builder\image-builder-windows.exe" --create "Z3ContactSensorv654.ota" --version 1 --manuf-id 0x1002 --image-type 0 --tag-id 0x0000 --tag-file "Z3ContactSensorv654.gbl" --string "EBL Z3ContactSensorv654"
INFO:root:OTA file has been created
INFO:root:Creation of 32 bit srec file: "/Users/clfilho/projects/Simplicity Studio 04-19/Simplicity Studio.app/Contents/Eclipse/developer/toolchains/gnu_arm/7.2_2017q4/bin/arm-none-eabi-objcopy" --srec-forceS3 -O srec "Z3ContactSensorv654.axf" "Z3ContactSensorv654.s37"
INFO:root:Creation of gbl file: /Users/clfilho/projects/Simplicity\ Studio\ 04-19/Simplicity\ Studio.app/Contents/Eclipse/developer/adapter_packs/commander/Commander.app/Contents/MacOS/commander gbl create "Z3ContactSensorv654.gbl" --app "Z3ContactSensorv654.s37" --device EFR32MG12P432F1024GL125
INFO:root:Creation of ota file: "/Users/clfilho/projects/Simplicity Studio 04-19/Simplicity Studio.app/Contents/Eclipse/support/common/wine/opt/local/bin/wine"  "/Users/clfilho/projects/Simplicity Studio 04-19/Simplicity Studio.app/Contents/Eclipse/developer/sdks/gecko_sdk_suite/v2.5/app/builder/Z3ContactSensorv654\..\..\..\protocol\zigbee\tool\image-builder\image-builder-windows.exe" --create "Z3ContactSensorv654.ota" --version 1 --manuf-id 0x1002 --image-type 0 --tag-id 0x0000 --tag-file "Z3ContactSensorv654.gbl" --string "EBL Z3ContactSensorv654"
INFO:root:OTA file has been created
INFO:root:Creation of 32 bit srec file: "/Users/clfilho/projects/Simplicity Studio 04-19/Simplicity Studio.app/Contents/Eclipse/developer/toolchains/gnu_arm/7.2_2017q4/bin/arm-none-eabi-objcopy" --srec-forceS3 -O srec "Z3ContactSensorv654.axf" "Z3ContactSensorv654.s37"
INFO:root:Creation of gbl file: /Users/clfilho/projects/Simplicity\ Studio\ 04-19/Simplicity\ Studio.app/Contents/Eclipse/developer/adapter_packs/commander/Commander.app/Contents/MacOS/commander gbl create "Z3ContactSensorv654.gbl" --app "Z3ContactSensorv654.s37" --device EFR32MG12P432F1024GL125
INFO:root:Creation of ota file: "/Users/clfilho/projects/Simplicity Studio 04-19/Simplicity Studio.app/Contents/Eclipse/support/common/wine/opt/local/bin/wine"  "/Users/clfilho/projects/Simplicity Studio 04-19/Simplicity Studio.app/Contents/Eclipse/developer/sdks/gecko_sdk_suite/v2.5/app/builder/Z3ContactSensorv654\..\..\..\protocol\zigbee\tool\image-builder\image-builder-windows.exe" --create "Z3ContactSensorv654.ota" --version 1 --manuf-id 0x1002 --image-type 0 --tag-id 0x0000 --tag-file "Z3ContactSensorv654.gbl" --string "EBL Z3ContactSensorv654"
INFO:root:OTA file has been created
INFO:root:Creation of 32 bit srec file: "/Users/clfilho/projects/Simplicity Studio 04-19/Simplicity Studio.app/Contents/Eclipse/developer/toolchains/gnu_arm/7.2_2017q4/bin/arm-none-eabi-objcopy" --srec-forceS3 -O srec "Z3ContactSensorv654.axf" "Z3ContactSensorv654.s37"
INFO:root:Creation of gbl file: /Users/clfilho/projects/Simplicity\ Studio\ 04-19/Simplicity\ Studio.app/Contents/Eclipse/developer/adapter_packs/commander/Commander.app/Contents/MacOS/commander gbl create "Z3ContactSensorv654.gbl" --app "Z3ContactSensorv654.s37" --device EFR32MG12P432F1024GL125
INFO:root:Creation of ota file: "/Users/clfilho/projects/Simplicity Studio 04-19/Simplicity Studio.app/Contents/Eclipse/support/common/wine/opt/local/bin/wine"  "/Users/clfilho/projects/Simplicity Studio 04-19/Simplicity Studio.app/Contents/Eclipse/developer/sdks/gecko_sdk_suite/v2.5/app/builder/Z3ContactSensorv654\..\..\..\protocol\zigbee\tool\image-builder\image-builder-windows.exe" --create "Z3ContactSensorv654.ota" --version 1 --manuf-id 0x1002 --image-type 0 --tag-id 0x0000 --tag-file "Z3ContactSensorv654.gbl" --string "EBL Z3ContactSensorv654"
INFO:root:OTA file has been created
INFO:root:Creation of 32 bit srec file: "/Users/clfilho/projects/Simplicity Studio 04-19/Simplicity Studio.app/Contents/Eclipse/developer/toolchains/gnu_arm/7.2_2017q4/bin/arm-none-eabi-objcopy" --srec-forceS3 -O srec "Z3ContactSensorv654.axf" "Z3ContactSensorv654.s37"
INFO:root:Creation of gbl file: /Users/clfilho/projects/Simplicity\ Studio\ 04-19/Simplicity\ Studio.app/Contents/Eclipse/developer/adapter_packs/commander/Commander.app/Contents/MacOS/commander gbl create "Z3ContactSensorv654.gbl" --app "Z3ContactSensorv654.s37" --device EFR32MG12P432F1024GL125
INFO:root:Creation of ota file: "/Users/clfilho/projects/Simplicity Studio 04-19/Simplicity Studio.app/Contents/Eclipse/support/common/wine/opt/local/bin/wine"  "/Users/clfilho/projects/Simplicity Studio 04-19/Simplicity Studio.app/Contents/Eclipse/developer/sdks/gecko_sdk_suite/v2.5/app/builder/Z3ContactSensorv654\..\..\..\protocol\zigbee\tool\image-builder\image-builder-windows.exe" --create "Z3ContactSensorv654.ota" --version 1 --manuf-id 0x1002 --image-type 0 --tag-id 0x0000 --tag-file "Z3ContactSensorv654.gbl" --string "EBL Z3ContactSensorv654"
INFO:root:OTA file has been created
